<?xml version="1.0" encoding="UTF-8"?>
<testsuite name="SILab2Test" tests="1" skipped="0" failures="0" errors="0" timestamp="2020-06-12T21:25:31" hostname="DESKTOP-N2IN57G" time="0.039">
  <properties/>
  <testcase name="testEveryPath()" classname="SILab2Test" time="0.039"/>
  <system-out><![CDATA[]]></system-out>
  <system-err><![CDATA[]]></system-err>
</testsuite>
